# JRE version: OpenJDK Runtime Environment (11.0.11+9) (build 11.0.11+9-b60-7590822)
# Java VM: OpenJDK 64-Bit Server VM (11.0.11+9-b60-7590822, mixed mode, tiered, compressed oops, g1 gc, windows-amd64)
Heap:
 garbage-first heap   total 183296K, used 99212K [0x0000000080000000, 0x0000000100000000)
  region size 1024K, 36 young (36864K), 10 survivors (10240K)
 Metaspace       used 65555K, capacity 67311K, committed 67400K, reserved 1107968K
  class space    used 8370K, capacity 8949K, committed 8960K, reserved 1048576K
GC Heap History (20 events):
Event: 1.257 GC heap before
{Heap before GC invocations=2 (full 0):
 garbage-first heap   total 126976K, used 38163K [0x0000000080000000, 0x0000000100000000)
  region size 1024K, 30 young (30720K), 2 survivors (2048K)
 Metaspace       used 10841K, capacity 11073K, committed 11264K, reserved 1058816K
  class space    used 1131K, capacity 1207K, committed 1280K, reserved 1048576K
}
Event: 1.261 GC heap after
{Heap after GC invocations=3 (full 0):
 garbage-first heap   total 126976K, used 11960K [0x0000000080000000, 0x0000000100000000)
  region size 1024K, 3 young (3072K), 3 survivors (3072K)
 Metaspace       used 10841K, capacity 11073K, committed 11264K, reserved 1058816K
  class space    used 1131K, capacity 1207K, committed 1280K, reserved 1048576K
}
Event: 2.404 GC heap before
{Heap before GC invocations=3 (full 0):
 garbage-first heap   total 126976K, used 58040K [0x0000000080000000, 0x0000000100000000)
  region size 1024K, 49 young (50176K), 3 survivors (3072K)
 Metaspace       used 18183K, capacity 18588K, committed 18688K, reserved 1064960K
  class space    used 2161K, capacity 2300K, committed 2304K, reserved 1048576K
}
Event: 2.413 GC heap after
{Heap after GC invocations=4 (full 0):
 garbage-first heap   total 126976K, used 16222K [0x0000000080000000, 0x0000000100000000)
  region size 1024K, 7 young (7168K), 7 survivors (7168K)
 Metaspace       used 18183K, capacity 18588K, committed 18688K, reserved 1064960K
  class space    used 2161K, capacity 2300K, committed 2304K, reserved 1048576K
}
Event: 2.811 GC heap before
{Heap before GC invocations=4 (full 0):
 garbage-first heap   total 126976K, used 36702K [0x0000000080000000, 0x0000000100000000)
  region size 1024K, 28 young (28672K), 7 survivors (7168K)
 Metaspace       used 20656K, capacity 21116K, committed 21296K, reserved 1069056K
  class space    used 2528K, capacity 2674K, committed 2688K, reserved 1048576K
}
Event: 2.818 GC heap after
{Heap after GC invocations=5 (full 0):
 garbage-first heap   total 152576K, used 17482K [0x0000000080000000, 0x0000000100000000)
  region size 1024K, 2 young (2048K), 2 survivors (2048K)
 Metaspace       used 20656K, capacity 21116K, committed 21296K, reserved 1069056K
  class space    used 2528K, capacity 2674K, committed 2688K, reserved 1048576K
}
Event: 3.739 GC heap before
{Heap before GC invocations=6 (full 0):
 garbage-first heap   total 152576K, used 75850K [0x0000000080000000, 0x0000000100000000)
  region size 1024K, 58 young (59392K), 2 survivors (2048K)
 Metaspace       used 26571K, capacity 27201K, committed 27440K, reserved 1073152K
  class space    used 3477K, capacity 3710K, committed 3712K, reserved 1048576K
}
Event: 3.744 GC heap after
{Heap after GC invocations=7 (full 0):
 garbage-first heap   total 152576K, used 22295K [0x0000000080000000, 0x0000000100000000)
  region size 1024K, 4 young (4096K), 4 survivors (4096K)
 Metaspace       used 26571K, capacity 27201K, committed 27440K, reserved 1073152K
  class space    used 3477K, capacity 3710K, committed 3712K, reserved 1048576K
}
Event: 5.168 GC heap before
{Heap before GC invocations=7 (full 0):
 garbage-first heap   total 152576K, used 98071K [0x0000000080000000, 0x0000000100000000)
  region size 1024K, 72 young (73728K), 4 survivors (4096K)
 Metaspace       used 34576K, capacity 35496K, committed 35632K, reserved 1079296K
  class space    used 4548K, capacity 4919K, committed 4992K, reserved 1048576K
}
Event: 5.180 GC heap after
{Heap after GC invocations=8 (full 0):
 garbage-first heap   total 152576K, used 35723K [0x0000000080000000, 0x0000000100000000)
  region size 1024K, 10 young (10240K), 10 survivors (10240K)
 Metaspace       used 34576K, capacity 35496K, committed 35632K, reserved 1079296K
  class space    used 4548K, capacity 4919K, committed 4992K, reserved 1048576K
}
Event: 6.244 GC heap before
{Heap before GC invocations=9 (full 0):
 garbage-first heap   total 152576K, used 102283K [0x0000000080000000, 0x0000000100000000)
  region size 1024K, 73 young (74752K), 10 survivors (10240K)
 Metaspace       used 41273K, capacity 42381K, committed 42696K, reserved 1087488K
  class space    used 5305K, capacity 5696K, committed 5760K, reserved 1048576K
}
Event: 6.259 GC heap after
{Heap after GC invocations=10 (full 0):
 garbage-first heap   total 152576K, used 40790K [0x0000000080000000, 0x0000000100000000)
  region size 1024K, 6 young (6144K), 6 survivors (6144K)
 Metaspace       used 41273K, capacity 42381K, committed 42696K, reserved 1087488K
  class space    used 5305K, capacity 5696K, committed 5760K, reserved 1048576K
}
Event: 7.748 GC heap before
{Heap before GC invocations=11 (full 0):
 garbage-first heap   total 152576K, used 108374K [0x0000000080000000, 0x0000000100000000)
  region size 1024K, 69 young (70656K), 6 survivors (6144K)
 Metaspace       used 47888K, capacity 49175K, committed 49224K, reserved 1091584K
  class space    used 6147K, capacity 6611K, committed 6656K, reserved 1048576K
}
Event: 7.758 GC heap after
{Heap after GC invocations=12 (full 0):
 garbage-first heap   total 152576K, used 48825K [0x0000000080000000, 0x0000000100000000)
  region size 1024K, 6 young (6144K), 6 survivors (6144K)
 Metaspace       used 47888K, capacity 49175K, committed 49224K, reserved 1091584K
  class space    used 6147K, capacity 6611K, committed 6656K, reserved 1048576K
}
Event: 9.341 GC heap before
{Heap before GC invocations=12 (full 0):
 garbage-first heap   total 152576K, used 116409K [0x0000000080000000, 0x0000000100000000)
  region size 1024K, 68 young (69632K), 6 survivors (6144K)
 Metaspace       used 51860K, capacity 53233K, committed 53448K, reserved 1095680K
  class space    used 6649K, capacity 7169K, committed 7296K, reserved 1048576K
}
Event: 9.352 GC heap after
{Heap after GC invocations=13 (full 0):
 garbage-first heap   total 183296K, used 58368K [0x0000000080000000, 0x0000000100000000)
  region size 1024K, 5 young (5120K), 5 survivors (5120K)
 Metaspace       used 51860K, capacity 53233K, committed 53448K, reserved 1095680K
  class space    used 6649K, capacity 7169K, committed 7296K, reserved 1048576K
}
Event: 11.265 GC heap before
{Heap before GC invocations=13 (full 0):
 garbage-first heap   total 183296K, used 130048K [0x0000000080000000, 0x0000000100000000)
  region size 1024K, 76 young (77824K), 5 survivors (5120K)
 Metaspace       used 55504K, capacity 57133K, committed 57288K, reserved 1099776K
  class space    used 7149K, capacity 7695K, committed 7808K, reserved 1048576K
}
Event: 11.275 GC heap after
{Heap after GC invocations=14 (full 0):
 garbage-first heap   total 183296K, used 61424K [0x0000000080000000, 0x0000000100000000)
  region size 1024K, 8 young (8192K), 8 survivors (8192K)
 Metaspace       used 55504K, capacity 57133K, committed 57288K, reserved 1099776K
  class space    used 7149K, capacity 7695K, committed 7808K, reserved 1048576K
}
Event: 15.022 GC heap before
{Heap before GC invocations=14 (full 0):
 garbage-first heap   total 183296K, used 139248K [0x0000000080000000, 0x0000000100000000)
  region size 1024K, 80 young (81920K), 8 survivors (8192K)
 Metaspace       used 61893K, capacity 63601K, committed 63688K, reserved 1103872K
  class space    used 7950K, capacity 8525K, committed 8576K, reserved 1048576K
}
Event: 15.033 GC heap after
{Heap after GC invocations=15 (full 0):
 garbage-first heap   total 183296K, used 73612K [0x0000000080000000, 0x0000000100000000)
  region size 1024K, 10 young (10240K), 10 survivors (10240K)
 Metaspace       used 61893K, capacity 63601K, committed 63688K, reserved 1103872K
  class space    used 7950K, capacity 8525K, committed 8576K, reserved 1048576K
}

